
> vibe-generated-app@1.0.0 dev
> vite


  VITE v5.4.20  ready in 278 ms

  ➜  Local:   http://localhost:3000/
  ➜  Network: http://172.20.18.19:3000/
7:58:22 AM [vite] Internal server error: Transform failed with 1 error:
/home/workspace/src/App.jsx:40:3: ERROR: Expected "}" but found "powershell"
  Plugin: vite:esbuild
  File: /home/workspace/src/App.jsx:40:3
  
  Expected "}" but found "powershell"
  38 |  1. Open PowerShell as Administrator and run:
  39 |  
  40 |  ```powershell
     |     ^
  41 |  wsl --install
  42 |  ```
  
      at failureErrorWithLog (/home/workspace/node_modules/esbuild/lib/main.js:1472:15)
      at /home/workspace/node_modules/esbuild/lib/main.js:755:50
      at responseCallbacks.<computed> (/home/workspace/node_modules/esbuild/lib/main.js:622:9)
      at handleIncomingPacket (/home/workspace/node_modules/esbuild/lib/main.js:677:12)
      at Socket.readFromStdout (/home/workspace/node_modules/esbuild/lib/main.js:600:7)
      at Socket.emit (node:events:508:28)
      at addChunk (node:internal/streams/readable:559:12)
      at readableAddChunkPushByteMode (node:internal/streams/readable:510:3)
      at Readable.push (node:internal/streams/readable:390:5)
      at Pipe.onStreamRead (node:internal/stream_base_commons:189:23)
7:58:23 AM [vite] Pre-transform error: Transform failed with 1 error:
/home/workspace/src/App.jsx:40:3: ERROR: Expected "}" but found "powershell"
